<?xml version="1.0" encoding="UTF-8"?>
<testsuite xmlns:xsi="http://www.w3.org/2001/XMLSchema-instance" xsi:noNamespaceSchemaLocation="https://maven.apache.org/surefire/maven-surefire-plugin/xsd/surefire-test-report-3.0.xsd" version="3.0" name="WordCheckerTest" time="0.7" tests="5" errors="0" skipped="0" failures="0">
  <properties>
[...]
</properties>
  <testcase name="wordCaseInsensitive" classname="WordCheckerTest" time="0.025"/>
  <testcase name="testForInvalidWord" classname="WordCheckerTest" time="0.017"/>
  <testcase name="testIfCrazyIsValid" classname="WordCheckerTest" time="0.016"/>
  <testcase name="testIfCarIsValid" classname="WordCheckerTest" time="0.017"/>
  <testcase name="testDatabaseConnectionIsValid" classname="WordCheckerTest" time="0.002">
    <system-out><![CDATA[Connection to database is a success
]]></system-out>
  </testcase>
</testsuite>